{
  "RSpec": {
    "coverage": {
      "/Users/jschwartzman/Projects/shape-api-ruby/lib/shape-api.rb": [
        1,
        null,
        1,
        null,
        null,
        0,
        0,
        null,
        null,
        1,
        1,
        null,
        1,
        1,
        1,
        1,
        1,
        1,
        1,
        1,
        1
      ],
      "/Users/jschwartzman/Projects/shape-api-ruby/lib/shape-api/base.rb": [
        null,
        null,
        1,
        null,
        1,
        1,
        1,
        null,
        null,
        null,
        1,
        1,
        null,
        1,
        1,
        1,
        null,
        null,
        1,
        null,
        1,
        null,
        null,
        null,
        null,
        1,
        0,
        null,
        null,
        null,
        null,
        null,
        null,
        1,
        null,
        0,
        0,
        0,
        0,
        0,
        0,
        null,
        null,
        null
      ],
      "/Users/jschwartzman/Projects/shape-api-ruby/lib/shape-api/application_organization.rb": [
        1,
        1,
        null,
        null
      ],
      "/Users/jschwartzman/Projects/shape-api-ruby/lib/shape-api/application.rb": [
        1,
        1,
        null,
        null
      ],
      "/Users/jschwartzman/Projects/shape-api-ruby/lib/shape-api/collection_card.rb": [
        1,
        1,
        null,
        null
      ],
      "/Users/jschwartzman/Projects/shape-api-ruby/lib/shape-api/collection.rb": [
        1,
        1,
        null,
        null
      ],
      "/Users/jschwartzman/Projects/shape-api-ruby/lib/shape-api/group.rb": [
        1,
        1,
        null,
        null
      ],
      "/Users/jschwartzman/Projects/shape-api-ruby/lib/shape-api/item.rb": [
        1,
        1,
        null,
        null
      ],
      "/Users/jschwartzman/Projects/shape-api-ruby/lib/shape-api/organization.rb": [
        1,
        1,
        null,
        null
      ],
      "/Users/jschwartzman/Projects/shape-api-ruby/lib/shape-api/role.rb": [
        1,
        1,
        null,
        null
      ],
      "/Users/jschwartzman/Projects/shape-api-ruby/lib/shape-api/user.rb": [
        1,
        1,
        null,
        null
      ],
      "/Users/jschwartzman/Projects/shape-api-ruby/spec/shape-api/application_spec.rb": [
        1,
        null,
        1,
        1,
        null
      ],
      "/Users/jschwartzman/Projects/shape-api-ruby/spec/shape-api/base_spec.rb": [
        1,
        null,
        1,
        1,
        2,
        2,
        null,
        1,
        1,
        null,
        null,
        null,
        null,
        null,
        1,
        1,
        null,
        null,
        null
      ],
      "/Users/jschwartzman/Projects/shape-api-ruby/spec/shape-api/collection_card_spec.rb": [
        1,
        null,
        1,
        1,
        null
      ],
      "/Users/jschwartzman/Projects/shape-api-ruby/spec/shape-api/collection_spec.rb": [
        1,
        null,
        1,
        1,
        null
      ],
      "/Users/jschwartzman/Projects/shape-api-ruby/spec/shape-api/group_spec.rb": [
        1,
        null,
        1,
        1,
        null
      ],
      "/Users/jschwartzman/Projects/shape-api-ruby/spec/shape-api/item_spec.rb": [
        1,
        null,
        1,
        1,
        null
      ],
      "/Users/jschwartzman/Projects/shape-api-ruby/spec/shape-api/organization_spec.rb": [
        1,
        null,
        1,
        1,
        null
      ],
      "/Users/jschwartzman/Projects/shape-api-ruby/spec/shape-api/role_spec.rb": [
        1,
        null,
        1,
        1,
        null
      ],
      "/Users/jschwartzman/Projects/shape-api-ruby/spec/shape-api/user_spec.rb": [
        1,
        null,
        1,
        1,
        null
      ]
    },
    "timestamp": 1549056131
  }
}
